<?xml version="1.0" encoding="UTF-8"?>
<!-- Generated by org.testng.reporters.JUnitReportReporter -->
<testsuite hostname="SADEV-07" failures="0" tests="2" name="testpages.TestCartActions" time="29.723" errors="0" timestamp="2024-12-02T20:53:56 EET" skipped="0">
  <testcase classname="testpages.TestCartActions" name="testAddProductToCart" time="4.286"/>
  <testcase classname="testpages.TestCartActions" name="testRemoveProductFromCart" time="25.437"/>
</testsuite> <!-- testpages.TestCartActions -->
