<?xml version="1.0" encoding="UTF-8"?>
<!-- Generated by org.testng.reporters.JUnitReportReporter -->
<testsuite hostname="SADEV-07" failures="0" tests="6" name="testpages.TestProductDisplay" time="26.644" errors="0" timestamp="2024-12-02T20:58:26 EET" skipped="0">
  <testcase classname="testpages.TestProductDisplay" name="validateAddToCartButtonExistsAndIsClickableForAllProducts" time="4.204"/>
  <testcase classname="testpages.TestProductDisplay" name="verifyAllProductDescriptions" time="4.191"/>
  <testcase classname="testpages.TestProductDisplay" name="validateProductsAreSortedByPriceLowToHigh" time="5.414"/>
  <testcase classname="testpages.TestProductDisplay" name="validateProductImageDisplayed" time="4.236"/>
  <testcase classname="testpages.TestProductDisplay" name="verifyAllProductNames" time="3.686"/>
  <testcase classname="testpages.TestProductDisplay" name="verifyAllProductPrices" time="4.913"/>
</testsuite> <!-- testpages.TestProductDisplay -->
