<?xml version="1.0" encoding="UTF-8"?>
<!-- Generated by org.testng.reporters.JUnitReportReporter -->
<testsuite hostname="SADEV-07" failures="0" tests="3" name="testpages.TestloginwithValidAndwithInvalidCredentials" time="13.134" errors="0" timestamp="2024-12-02T21:15:49 EET" skipped="0">
  <testcase classname="testpages.TestloginwithValidAndwithInvalidCredentials" name="testUserCanLogout" time="4.448"/>
  <testcase classname="testpages.TestloginwithValidAndwithInvalidCredentials" name="validateLoginfunctionalityWithInvalidCredentials" time="4.705"/>
  <testcase classname="testpages.TestloginwithValidAndwithInvalidCredentials" name="validateLoginFunctionlitywithvalidcredentials" time="3.981"/>
</testsuite> <!-- testpages.TestloginwithValidAndwithInvalidCredentials -->
